<?xml version="1.0" encoding="UTF-8"?>
<!-- Generated by org.testng.reporters.JUnitXMLReporter -->
<testsuite ignored="4" hostname="DESKTOP-QIU2A38" failures="0" tests="1" name="Default test" time="12.85" errors="0" timestamp="2022-11-10T12:20:24 EET">
  <testcase classname="Tests.TestClass" name="loginWithInvalidData" time="6.372"/>
  <testcase classname="Tests.TestClass" name="registerWithInvalidData" time="0.0">
    <ignored/>
  </testcase> <!-- registerWithInvalidData -->
  <testcase classname="Tests.TestClass" name="login" time="0.0">
    <ignored/>
  </testcase> <!-- login -->
  <testcase classname="Tests.TestClass" name="logout" time="0.0">
    <ignored/>
  </testcase> <!-- logout -->
  <testcase classname="Tests.TestClass" name="register" time="0.0">
    <ignored/>
  </testcase> <!-- register -->
</testsuite> <!-- Default test -->
