<?xml version="1.0" encoding="UTF-8"?>
<testng-results ignored="0" total="5" passed="5" failed="0" skipped="0">
  <reporter-output>
  </reporter-output>
  <suite started-at="2022-11-10T12:36:19 EET" name="PirmasSuit" finished-at="2022-11-10T12:37:18 EET" duration-ms="58766">
    <groups>
    </groups>
    <test started-at="2022-11-10T12:36:19 EET" name="BaigiamasisDarbas" finished-at="2022-11-10T12:37:18 EET" duration-ms="58766">
      <class name="Tests.TestClass">
        <test-method is-config="true" signature="SetUp()[pri:0, instance:Tests.TestClass@399f45b1]" started-at="2022-11-10T12:36:19 EET" name="SetUp" finished-at="2022-11-10T12:36:23 EET" duration-ms="3708" status="PASS">
          <reporter-output>
          </reporter-output>
        </test-method> <!-- SetUp -->
        <test-method signature="loginWithInvalidData()[pri:0, instance:Tests.TestClass@399f45b1]" started-at="2022-11-10T12:36:23 EET" name="loginWithInvalidData" finished-at="2022-11-10T12:36:29 EET" duration-ms="6331" status="PASS">
          <reporter-output>
          </reporter-output>
        </test-method> <!-- loginWithInvalidData -->
        <test-method signature="login()[pri:0, instance:Tests.TestClass@399f45b1]" started-at="2022-11-10T12:36:29 EET" name="login" finished-at="2022-11-10T12:36:37 EET" duration-ms="8447" status="PASS">
          <reporter-output>
          </reporter-output>
        </test-method> <!-- login -->
        <test-method signature="logout()[pri:0, instance:Tests.TestClass@399f45b1]" started-at="2022-11-10T12:36:37 EET" name="logout" finished-at="2022-11-10T12:36:52 EET" duration-ms="14528" status="PASS">
          <reporter-output>
          </reporter-output>
        </test-method> <!-- logout -->
        <test-method signature="register()[pri:0, instance:Tests.TestClass@399f45b1]" started-at="2022-11-10T12:36:52 EET" name="register" finished-at="2022-11-10T12:37:05 EET" duration-ms="12677" status="PASS">
          <reporter-output>
          </reporter-output>
        </test-method> <!-- register -->
        <test-method signature="registerWithInvalidData()[pri:0, instance:Tests.TestClass@399f45b1]" started-at="2022-11-10T12:37:05 EET" name="registerWithInvalidData" finished-at="2022-11-10T12:37:15 EET" duration-ms="10334" status="PASS">
          <reporter-output>
          </reporter-output>
        </test-method> <!-- registerWithInvalidData -->
        <test-method is-config="true" signature="TearDown()[pri:0, instance:Tests.TestClass@399f45b1]" started-at="2022-11-10T12:37:15 EET" name="TearDown" finished-at="2022-11-10T12:37:18 EET" duration-ms="2685" status="PASS">
          <reporter-output>
          </reporter-output>
        </test-method> <!-- TearDown -->
      </class> <!-- Tests.TestClass -->
    </test> <!-- BaigiamasisDarbas -->
  </suite> <!-- PirmasSuit -->
</testng-results>
