<?xml version="1.0" encoding="UTF-8"?>
<!-- Generated by org.testng.reporters.JUnitXMLReporter -->
<testsuite ignored="0" hostname="DESKTOP-QIU2A38" failures="0" tests="5" name="BaigiamasisDarbas" time="58.766" errors="0" timestamp="2022-11-10T12:37:18 EET">
  <testcase classname="Tests.TestClass" name="loginWithInvalidData" time="6.331"/>
  <testcase classname="Tests.TestClass" name="login" time="8.447"/>
  <testcase classname="Tests.TestClass" name="logout" time="14.528"/>
  <testcase classname="Tests.TestClass" name="register" time="12.677"/>
  <testcase classname="Tests.TestClass" name="registerWithInvalidData" time="10.334"/>
</testsuite> <!-- BaigiamasisDarbas -->
